<?xml version="1.0" encoding="UTF-8"?>
<!-- Generated by org.testng.reporters.JUnitReportReporter -->
<testsuite skipped="0" hostname="Kaveri-sabareesh" name="com.spotify.testscripts.Tc_SpotifyPremium" tests="4" failures="0" timestamp="2021-05-04T11:36:45 IST" time="128.278" errors="0">
  <testcase name="Soptify" time="60.958" classname="com.spotify.testscripts.Tc_SpotifyPremium"/>
  <system-out>
Login Success full miniSelected Plan for Premium Subscription daySelected Month is taken for plan UpiSelected Payment Option is taken for plan Successfully loggedout  </system-out>
  <testcase name="Soptify" time="21.873" classname="com.spotify.testscripts.Tc_SpotifyPremium"/>
  <system-out/>
  <testcase name="Soptify" time="20.522" classname="com.spotify.testscripts.Tc_SpotifyPremium"/>
  <system-out/>
  <testcase name="Soptify" time="24.925" classname="com.spotify.testscripts.Tc_SpotifyPremium"/>
  <system-out/>
</testsuite> <!-- com.spotify.testscripts.Tc_SpotifyPremium -->
